proguard/usage.txt
android.support.v4.view.KeyEventCompat$HoneycombKeyEventVersionImpl
android.support.v4.view.KeyEventCompat$KeyEventVersionImpl
android.support.v4.view.KeyEventCompatEclair
android.support.v4.view.KeyEventCompatHoneycomb
android.support.v4.view.MarginLayoutParamsCompat
android.support.v4.view.MarginLayoutParamsCompat$MarginLayoutParamsCompatImpl
android.support.v4.view.MarginLayoutParamsCompat$MarginLayoutParamsCompatImplBase
android.support.v4.view.MarginLayoutParamsCompat$MarginLayoutParamsCompatImplJbMr1
android.support.v4.view.MarginLayoutParamsCompatJellybeanMr1
android.support.v4.view.MenuCompat
android.support.v4.view.MenuItemCompat
android.support.v4.view.MenuItemCompat$BaseMenuVersionImpl
android.support.v4.view.MenuItemCompat$HoneycombMenuVersionImpl
android.support.v4.view.MenuItemCompat$IcsMenuVersionImpl
android.support.v4.view.MenuItemCompat$IcsMenuVersionImpl$1
android.support.v4.view.MenuItemCompat$MenuVersionImpl
android.support.v4.view.MenuItemCompat$OnActionExpandListener
android.support.v4.view.MenuItemCompatHoneycomb
android.support.v4.view.MenuItemCompatIcs
android.support.v4.view.MenuItemCompatIcs$OnActionExpandListenerWrapper
android.support.v4.view.MenuItemCompatIcs$SupportActionExpandProxy
android.support.v4.view.MotionEventCompat
android.support.v4.view.MotionEventCompat$BaseMotionEventVersionImpl
android.support.v4.view.MotionEventCompat$EclairMotionEventVersionImpl
android.support.v4.view.MotionEventCompat$MotionEventVersionImpl
android.support.v4.view.MotionEventCompatEclair
android.support.v4.view.PagerAdapter
android.support.v4.view.PagerTabStrip
android.support.v4.view.PagerTabStrip$1
android.support.v4.view.PagerTabStrip$2
android.support.v4.view.PagerTitleStrip
android.support.v4.view.PagerTitleStrip$1
android.support.v4.view.PagerTitleStrip$PageListener
android.support.v4.view.PagerTitleStrip$PagerTitleStripImpl
android.support.v4.view.PagerTitleStrip$PagerTitleStripImplBase
android.support.v4.view.PagerTitleStrip$PagerTitleStripImplIcs
android.support.v4.view.PagerTitleStripIcs
android.support.v4.view.PagerTitleStripIcs$SingleLineAllCapsTransform
android.support.v4.view.ScaleGestureDetectorCompat
android.support.v4.view.ScaleGestureDetectorCompat$1
android.support.v4.view.ScaleGestureDetectorCompat$BaseScaleGestureDetectorImpl
android.support.v4.view.ScaleGestureDetectorCompat$ScaleGestureDetectorCompatKitKatImpl
android.support.v4.view.ScaleGestureDetectorCompat$ScaleGestureDetectorImpl
android.support.v4.view.ScaleGestureDetectorCompatKitKat
android.support.v4.view.VelocityTrackerCompat
android.support.v4.view.VelocityTrackerCompat$BaseVelocityTrackerVersionImpl
android.support.v4.view.VelocityTrackerCompat$HoneycombVelocityTrackerVersionImpl
android.support.v4.view.VelocityTrackerCompat$VelocityTrackerVersionImpl
android.support.v4.view.VelocityTrackerCompatHoneycomb
android.support.v4.view.ViewCompat
android.support.v4.view.ViewCompat$BaseViewCompatImpl
android.support.v4.view.ViewCompat$EclairMr1ViewCompatImpl
android.support.v4.view.ViewCompat$GBViewCompatImpl
android.support.v4.view.ViewCompat$HCViewCompatImpl
android.support.v4.view.ViewCompat$ICSViewCompatImpl
android.support.v4.view.ViewCompat$JBViewCompatImpl
android.support.v4.view.ViewCompat$JbMr1ViewCompatImpl
android.support.v4.view.ViewCompat$KitKatViewCompatImpl
android.support.v4.view.ViewCompat$ViewCompatImpl
android.support.v4.view.ViewCompatEclairMr1
android.support.v4.view.ViewCompatGingerbread
android.support.v4.view.ViewCompatHC
android.support.v4.view.ViewCompatICS
android.support.v4.view.ViewCompatJB
android.support.v4.view.ViewCompatJellybeanMr1
android.support.v4.view.ViewCompatKitKat
android.support.v4.view.ViewConfigurationCompat
android.support.v4.view.ViewConfigurationCompat$BaseViewConfigurationVersionImpl
android.support.v4.view.ViewConfigurationCompat$FroyoViewConfigurationVersionImpl